<?xml version="1.0" encoding="UTF-8"?>
<coverage generated="1487736444">
  <project timestamp="1487736444">
    <package name="Soliton">
      <file name="/home/plekhanov/Projects/vvp/soliton/src/Soliton/Common.php">
        <class name="Common" namespace="Soliton" fullPackage="Soliton" package="Soliton">
          <metrics complexity="13" methods="4" coveredmethods="0" conditionals="0" coveredconditionals="0" statements="20" coveredstatements="7" elements="24" coveredelements="7"/>
        </class>
        <line num="22" type="method" name="prepareFiles" visibility="public" complexity="4" crap="8.74" count="3"/>
        <line num="24" type="stmt" count="3"/>
        <line num="25" type="stmt" count="0"/>
        <line num="26" type="stmt" count="0"/>
        <line num="27" type="stmt" count="0"/>
        <line num="29" type="stmt" count="0"/>
        <line num="33" type="stmt" count="3"/>
        <line num="41" type="method" name="convertToStringArray" visibility="public" complexity="4" crap="4.07" count="1"/>
        <line num="43" type="stmt" count="1"/>
        <line num="44" type="stmt" count="1"/>
        <line num="45" type="stmt" count="1"/>
        <line num="46" type="stmt" count="0"/>
        <line num="48" type="stmt" count="1"/>
        <line num="51" type="stmt" count="1"/>
        <line num="64" type="method" name="setRequestFiles" visibility="protected" complexity="3" crap="12" count="0"/>
        <line num="66" type="stmt" count="0"/>
        <line num="67" type="stmt" count="0"/>
        <line num="68" type="stmt" count="0"/>
        <line num="69" type="stmt" count="0"/>
        <line num="72" type="stmt" count="0"/>
        <line num="83" type="method" name="setRequestFile" visibility="protected" complexity="2" crap="6" count="0"/>
        <line num="85" type="stmt" count="0"/>
        <line num="86" type="stmt" count="0"/>
        <line num="88" type="stmt" count="0"/>
        <metrics loc="89" ncloc="51" classes="1" methods="4" coveredmethods="0" conditionals="0" coveredconditionals="0" statements="20" coveredstatements="7" elements="24" coveredelements="7"/>
      </file>
      <file name="/home/plekhanov/Projects/vvp/soliton/src/Soliton/Helper.php">
        <class name="Helper" namespace="Soliton" fullPackage="Soliton" package="Soliton">
          <metrics complexity="0" methods="0" coveredmethods="0" conditionals="0" coveredconditionals="0" statements="0" coveredstatements="0" elements="0" coveredelements="0"/>
        </class>
        <metrics loc="32" ncloc="20" classes="1" methods="0" coveredmethods="0" conditionals="0" coveredconditionals="0" statements="0" coveredstatements="0" elements="0" coveredelements="0"/>
      </file>
      <file name="/home/plekhanov/Projects/vvp/soliton/src/Soliton/Query.php">
        <class name="Query" namespace="Soliton" fullPackage="Soliton" package="Soliton">
          <metrics complexity="35" methods="23" coveredmethods="20" conditionals="0" coveredconditionals="0" statements="58" coveredstatements="53" elements="81" coveredelements="73"/>
        </class>
        <line num="80" type="method" name="__construct" visibility="public" complexity="7" crap="7" count="5"/>
        <line num="82" type="stmt" count="5"/>
        <line num="83" type="stmt" count="5"/>
        <line num="84" type="stmt" count="5"/>
        <line num="87" type="stmt" count="5"/>
        <line num="88" type="stmt" count="5"/>
        <line num="90" type="stmt" count="5"/>
        <line num="91" type="stmt" count="2"/>
        <line num="92" type="stmt" count="4"/>
        <line num="93" type="stmt" count="4"/>
        <line num="96" type="stmt" count="5"/>
        <line num="97" type="stmt" count="2"/>
        <line num="98" type="stmt" count="4"/>
        <line num="99" type="stmt" count="4"/>
        <line num="101" type="stmt" count="5"/>
        <line num="106" type="method" name="isLoadingHeaders" visibility="public" complexity="1" crap="2" count="0"/>
        <line num="108" type="stmt" count="0"/>
        <line num="114" type="method" name="setLoadingHeaders" visibility="public" complexity="1" crap="2" count="0"/>
        <line num="116" type="stmt" count="0"/>
        <line num="117" type="stmt" count="0"/>
        <line num="122" type="method" name="isDetailConnection" visibility="public" complexity="1" crap="1" count="4"/>
        <line num="124" type="stmt" count="4"/>
        <line num="130" type="method" name="setDetailConnection" visibility="public" complexity="1" crap="1" count="1"/>
        <line num="132" type="stmt" count="1"/>
        <line num="133" type="stmt" count="1"/>
        <line num="138" type="method" name="getMethodType" visibility="public" complexity="1" crap="1" count="4"/>
        <line num="140" type="stmt" count="4"/>
        <line num="147" type="method" name="getDependency" visibility="public" complexity="1" crap="1" count="5"/>
        <line num="149" type="stmt" count="5"/>
        <line num="155" type="method" name="isExecutable" visibility="public" complexity="1" crap="1" count="4"/>
        <line num="157" type="stmt" count="4"/>
        <line num="163" type="method" name="setExecutable" visibility="public" complexity="1" crap="1" count="1"/>
        <line num="165" type="stmt" count="1"/>
        <line num="166" type="stmt" count="1"/>
        <line num="171" type="method" name="getBeforeFunc" visibility="public" complexity="1" crap="1" count="1"/>
        <line num="173" type="stmt" count="1"/>
        <line num="180" type="method" name="runBeforeFunc" visibility="public" complexity="3" crap="3" count="3"/>
        <line num="182" type="stmt" count="3"/>
        <line num="184" type="stmt" count="1"/>
        <line num="185" type="stmt" count="1"/>
        <line num="188" type="stmt" count="3"/>
        <line num="193" type="method" name="getAfterFunc" visibility="public" complexity="1" crap="1" count="1"/>
        <line num="195" type="stmt" count="1"/>
        <line num="201" type="method" name="runAfterFunc" visibility="public" complexity="3" crap="3" count="3"/>
        <line num="203" type="stmt" count="3"/>
        <line num="205" type="stmt" count="1"/>
        <line num="206" type="stmt" count="1"/>
        <line num="209" type="stmt" count="3"/>
        <line num="214" type="method" name="getFullUrl" visibility="public" complexity="3" crap="3" count="4"/>
        <line num="218" type="stmt" count="4"/>
        <line num="219" type="stmt" count="2"/>
        <line num="221" type="stmt" count="4"/>
        <line num="222" type="stmt" count="4"/>
        <line num="224" type="stmt" count="4"/>
        <line num="225" type="stmt" count="4"/>
        <line num="227" type="stmt" count="1"/>
        <line num="228" type="stmt" count="1"/>
        <line num="231" type="stmt" count="4"/>
        <line num="237" type="method" name="getUrl" visibility="public" complexity="1" crap="1" count="1"/>
        <line num="239" type="stmt" count="1"/>
        <line num="245" type="method" name="setUrl" visibility="public" complexity="1" crap="1" count="1"/>
        <line num="247" type="stmt" count="1"/>
        <line num="248" type="stmt" count="1"/>
        <line num="253" type="method" name="getMethodParams" visibility="public" complexity="1" crap="1" count="1"/>
        <line num="255" type="stmt" count="1"/>
        <line num="261" type="method" name="setMethodParams" visibility="public" complexity="1" crap="1" count="1"/>
        <line num="263" type="stmt" count="1"/>
        <line num="264" type="stmt" count="1"/>
        <line num="269" type="method" name="addMethodParams" visibility="public" complexity="1" crap="1" count="1"/>
        <line num="271" type="stmt" count="1"/>
        <line num="272" type="stmt" count="1"/>
        <line num="277" type="method" name="getOptions" visibility="public" complexity="1" crap="1" count="4"/>
        <line num="279" type="stmt" count="4"/>
        <line num="285" type="method" name="setOptions" visibility="public" complexity="1" crap="1" count="1"/>
        <line num="287" type="stmt" count="1"/>
        <line num="288" type="stmt" count="1"/>
        <line num="293" type="method" name="getFiles" visibility="public" complexity="1" crap="1" count="3"/>
        <line num="295" type="stmt" count="3"/>
        <line num="301" type="method" name="setFiles" visibility="public" complexity="1" crap="2" count="0"/>
        <line num="303" type="stmt" count="0"/>
        <line num="304" type="stmt" count="0"/>
        <metrics loc="305" ncloc="176" classes="1" methods="23" coveredmethods="20" conditionals="0" coveredconditionals="0" statements="58" coveredstatements="53" elements="81" coveredelements="73"/>
      </file>
      <file name="/home/plekhanov/Projects/vvp/soliton/src/Soliton/Response.php">
        <class name="Response" namespace="Soliton" fullPackage="Soliton" package="Soliton">
          <metrics complexity="15" methods="12" coveredmethods="9" conditionals="0" coveredconditionals="0" statements="22" coveredstatements="18" elements="34" coveredelements="27"/>
        </class>
        <line num="44" type="method" name="getHeader" visibility="public" complexity="1" crap="2" count="0"/>
        <line num="46" type="stmt" count="0"/>
        <line num="52" type="method" name="setHeader" visibility="public" complexity="1" crap="2" count="0"/>
        <line num="54" type="stmt" count="0"/>
        <line num="55" type="stmt" count="0"/>
        <line num="60" type="method" name="getHttpCode" visibility="public" complexity="1" crap="2" count="0"/>
        <line num="62" type="stmt" count="0"/>
        <line num="68" type="method" name="setHttpCode" visibility="public" complexity="1" crap="1" count="3"/>
        <line num="70" type="stmt" count="3"/>
        <line num="71" type="stmt" count="3"/>
        <line num="76" type="method" name="getDetailConnection" visibility="public" complexity="1" crap="1" count="1"/>
        <line num="78" type="stmt" count="1"/>
        <line num="84" type="method" name="setDetailConnection" visibility="public" complexity="1" crap="1" count="3"/>
        <line num="86" type="stmt" count="3"/>
        <line num="87" type="stmt" count="3"/>
        <line num="92" type="method" name="isCorrect" visibility="public" complexity="4" crap="4" count="3"/>
        <line num="94" type="stmt" count="3"/>
        <line num="95" type="stmt" count="3"/>
        <line num="101" type="method" name="getData" visibility="public" complexity="1" crap="1" count="2"/>
        <line num="103" type="stmt" count="2"/>
        <line num="109" type="method" name="setData" visibility="public" complexity="1" crap="1" count="1"/>
        <line num="111" type="stmt" count="1"/>
        <line num="112" type="stmt" count="1"/>
        <line num="117" type="method" name="getErrorMessage" visibility="public" complexity="1" crap="1" count="1"/>
        <line num="119" type="stmt" count="1"/>
        <line num="125" type="method" name="setErrorMessage" visibility="public" complexity="1" crap="1" count="1"/>
        <line num="127" type="stmt" count="1"/>
        <line num="128" type="stmt" count="1"/>
        <line num="134" type="method" name="setHeaderAndData" visibility="public" complexity="1" crap="1" count="3"/>
        <line num="136" type="stmt" count="3"/>
        <line num="137" type="stmt" count="3"/>
        <line num="139" type="stmt" count="3"/>
        <line num="140" type="stmt" count="3"/>
        <line num="141" type="stmt" count="3"/>
        <metrics loc="142" ncloc="81" classes="1" methods="12" coveredmethods="9" conditionals="0" coveredconditionals="0" statements="22" coveredstatements="18" elements="34" coveredelements="27"/>
      </file>
      <file name="/home/plekhanov/Projects/vvp/soliton/src/Soliton/Soliton.php">
        <class name="Soliton" namespace="Soliton" fullPackage="Soliton" package="Soliton">
          <metrics complexity="85" methods="22" coveredmethods="15" conditionals="0" coveredconditionals="0" statements="193" coveredstatements="178" elements="215" coveredelements="193"/>
        </class>
        <line num="67" type="method" name="__construct" visibility="public" complexity="3" crap="3" count="4"/>
        <line num="69" type="stmt" count="4"/>
        <line num="70" type="stmt" count="4"/>
        <line num="72" type="stmt" count="4"/>
        <line num="73" type="stmt" count="4"/>
        <line num="75" type="stmt" count="4"/>
        <line num="83" type="method" name="timeout" visibility="public" complexity="5" crap="5.20" count="2"/>
        <line num="85" type="stmt" count="2"/>
        <line num="86" type="stmt" count="2"/>
        <line num="88" type="stmt" count="2"/>
        <line num="89" type="stmt" count="0"/>
        <line num="91" type="stmt" count="2"/>
        <line num="98" type="method" name="onlyCorrect" visibility="public" complexity="1" crap="1" count="3"/>
        <line num="100" type="stmt" count="3"/>
        <line num="101" type="stmt" count="3"/>
        <line num="109" type="method" name="get" visibility="public" complexity="2" crap="2" count="4"/>
        <line num="111" type="stmt" count="4"/>
        <line num="113" type="stmt" count="4"/>
        <line num="114" type="stmt" count="4"/>
        <line num="116" type="stmt" count="4"/>
        <line num="118" type="stmt" count="4"/>
        <line num="119" type="stmt" count="3"/>
        <line num="121" type="stmt" count="3"/>
        <line num="128" type="method" name="run" visibility="private" complexity="3" crap="3" count="3"/>
        <line num="130" type="stmt" count="3"/>
        <line num="131" type="stmt" count="3"/>
        <line num="133" type="stmt" count="3"/>
        <line num="134" type="stmt" count="3"/>
        <line num="135" type="stmt" count="3"/>
        <line num="137" type="stmt" count="3"/>
        <line num="138" type="stmt" count="3"/>
        <line num="139" type="stmt" count="3"/>
        <line num="141" type="stmt" count="3"/>
        <line num="143" type="stmt" count="3"/>
        <line num="151" type="method" name="separator" visibility="private" complexity="9" crap="9" count="4"/>
        <line num="153" type="stmt" count="4"/>
        <line num="154" type="stmt" count="4"/>
        <line num="156" type="stmt" count="4"/>
        <line num="157" type="stmt" count="4"/>
        <line num="159" type="stmt" count="4"/>
        <line num="160" type="stmt" count="4"/>
        <line num="162" type="stmt" count="4"/>
        <line num="164" type="stmt" count="4"/>
        <line num="165" type="stmt" count="4"/>
        <line num="166" type="stmt" count="3"/>
        <line num="169" type="stmt" count="3"/>
        <line num="170" type="stmt" count="3"/>
        <line num="172" type="stmt" count="3"/>
        <line num="173" type="stmt" count="4"/>
        <line num="176" type="stmt" count="4"/>
        <line num="177" type="stmt" count="3"/>
        <line num="181" type="stmt" count="4"/>
        <line num="182" type="stmt" count="1"/>
        <line num="183" type="stmt" count="1"/>
        <line num="185" type="stmt" count="3"/>
        <line num="193" type="method" name="getChainDependencies" visibility="private" complexity="5" crap="5" count="4"/>
        <line num="197" type="stmt" count="4"/>
        <line num="198" type="method" name="anonymous function" complexity="3" crap="3" count="4"/>
        <line num="199" type="stmt" count="4"/>
        <line num="200" type="stmt" count="4"/>
        <line num="202" type="stmt" count="4"/>
        <line num="204" type="stmt" count="4"/>
        <line num="205" type="stmt" count="4"/>
        <line num="208" type="stmt" count="4"/>
        <line num="209" type="stmt" count="4"/>
        <line num="211" type="stmt" count="4"/>
        <line num="212" type="stmt" count="4"/>
        <line num="213" type="stmt" count="4"/>
        <line num="214" type="stmt" count="4"/>
        <line num="216" type="stmt" count="4"/>
        <line num="224" type="method" name="checkDependency" visibility="private" complexity="5" crap="5" count="4"/>
        <line num="226" type="stmt" count="4"/>
        <line num="227" type="stmt" count="4"/>
        <line num="228" type="stmt" count="3"/>
        <line num="229" type="stmt" count="2"/>
        <line num="230" type="stmt" count="2"/>
        <line num="231" type="stmt" count="2"/>
        <line num="236" type="stmt" count="4"/>
        <line num="246" type="method" name="getExecutableRequests" visibility="private" complexity="3" crap="3" count="3"/>
        <line num="248" type="stmt" count="3"/>
        <line num="249" type="stmt" count="3"/>
        <line num="251" type="stmt" count="3"/>
        <line num="252" type="stmt" count="3"/>
        <line num="253" type="stmt" count="3"/>
        <line num="256" type="stmt" count="3"/>
        <line num="263" type="method" name="executeGroup" visibility="private" complexity="5" crap="5.09" count="3"/>
        <line num="265" type="stmt" count="3"/>
        <line num="267" type="stmt" count="3"/>
        <line num="269" type="stmt" count="3"/>
        <line num="270" type="stmt" count="3"/>
        <line num="272" type="stmt" count="3"/>
        <line num="273" type="stmt" count="3"/>
        <line num="274" type="stmt" count="3"/>
        <line num="275" type="stmt" count="3"/>
        <line num="277" type="stmt" count="3"/>
        <line num="280" type="stmt" count="0"/>
        <line num="281" type="stmt" count="0"/>
        <line num="285" type="stmt" count="3"/>
        <line num="287" type="stmt" count="3"/>
        <line num="292" type="method" name="executeQueriesBefore" visibility="private" complexity="3" crap="3.24" count="3"/>
        <line num="295" type="stmt" count="3"/>
        <line num="297" type="stmt" count="3"/>
        <line num="300" type="stmt" count="3"/>
        <line num="301" type="stmt" count="3"/>
        <line num="302" type="stmt" count="3"/>
        <line num="305" type="stmt" count="0"/>
        <line num="307" type="stmt" count="0"/>
        <line num="308" type="stmt" count="0"/>
        <line num="309" type="stmt" count="3"/>
        <line num="312" type="stmt" count="3"/>
        <line num="317" type="method" name="executeQueriesAfter" visibility="private" complexity="2" crap="2" count="3"/>
        <line num="320" type="stmt" count="3"/>
        <line num="322" type="stmt" count="3"/>
        <line num="323" type="stmt" count="3"/>
        <line num="324" type="stmt" count="3"/>
        <line num="326" type="stmt" count="3"/>
        <line num="334" type="method" name="setResponses" visibility="public" complexity="4" crap="4" count="1"/>
        <line num="337" type="stmt" count="1"/>
        <line num="338" type="stmt" count="1"/>
        <line num="339" type="stmt" count="1"/>
        <line num="342" type="stmt" count="1"/>
        <line num="348" type="method" name="clearResponses" visibility="public" complexity="1" crap="1" count="1"/>
        <line num="350" type="stmt" count="1"/>
        <line num="351" type="stmt" count="1"/>
        <line num="358" type="method" name="getResponses" visibility="private" complexity="5" crap="5" count="3"/>
        <line num="360" type="stmt" count="3"/>
        <line num="361" type="stmt" count="3"/>
        <line num="363" type="stmt" count="3"/>
        <line num="365" type="stmt" count="3"/>
        <line num="366" type="stmt" count="3"/>
        <line num="367" type="stmt" count="2"/>
        <line num="368" type="stmt" count="2"/>
        <line num="371" type="stmt" count="3"/>
        <line num="375" type="stmt" count="3"/>
        <line num="382" type="method" name="createErrorResponse" visibility="private" complexity="1" crap="2" count="0"/>
        <line num="384" type="stmt" count="0"/>
        <line num="385" type="stmt" count="0"/>
        <line num="386" type="stmt" count="0"/>
        <line num="395" type="method" name="initRequest" visibility="private" complexity="7" crap="7.13" count="3"/>
        <line num="398" type="stmt" count="3"/>
        <line num="401" type="stmt" count="3"/>
        <line num="402" type="stmt" count="3"/>
        <line num="403" type="stmt" count="3"/>
        <line num="404" type="stmt" count="3"/>
        <line num="405" type="stmt" count="3"/>
        <line num="406" type="stmt" count="3"/>
        <line num="407" type="stmt" count="3"/>
        <line num="410" type="stmt" count="3"/>
        <line num="411" type="stmt" count="3"/>
        <line num="412" type="stmt" count="1"/>
        <line num="413" type="stmt" count="1"/>
        <line num="414" type="stmt" count="3"/>
        <line num="415" type="stmt" count="0"/>
        <line num="416" type="stmt" count="0"/>
        <line num="417" type="stmt" count="3"/>
        <line num="418" type="stmt" count="0"/>
        <line num="419" type="stmt" count="0"/>
        <line num="420" type="stmt" count="3"/>
        <line num="422" type="stmt" count="3"/>
        <line num="425" type="stmt" count="3"/>
        <line num="426" type="stmt" count="3"/>
        <line num="427" type="stmt" count="3"/>
        <line num="429" type="stmt" count="3"/>
        <line num="430" type="stmt" count="1"/>
        <line num="432" type="stmt" count="3"/>
        <line num="433" type="stmt" count="3"/>
        <line num="435" type="stmt" count="3"/>
        <line num="436" type="stmt" count="3"/>
        <line num="443" type="method" name="preparePOSTFields" visibility="private" complexity="4" crap="4" count="3"/>
        <line num="445" type="stmt" count="3"/>
        <line num="447" type="stmt" count="1"/>
        <line num="448" type="stmt" count="1"/>
        <line num="449" type="stmt" count="1"/>
        <line num="450" type="stmt" count="1"/>
        <line num="453" type="stmt" count="3"/>
        <line num="461" type="method" name="curlOne" visibility="private" complexity="3" crap="3.00" count="3"/>
        <line num="464" type="stmt" count="3"/>
        <line num="465" type="stmt" count="3"/>
        <line num="466" type="stmt" count="3"/>
        <line num="467" type="stmt" count="3"/>
        <line num="468" type="stmt" count="3"/>
        <line num="469" type="stmt" count="3"/>
        <line num="470" type="stmt" count="3"/>
        <line num="471" type="stmt" count="0"/>
        <line num="473" type="stmt" count="3"/>
        <line num="474" type="stmt" count="3"/>
        <line num="475" type="stmt" count="2"/>
        <line num="477" type="stmt" count="3"/>
        <line num="478" type="stmt" count="3"/>
        <line num="484" type="method" name="curlMany" visibility="private" complexity="7" crap="7" count="2"/>
        <line num="486" type="stmt" count="2"/>
        <line num="489" type="stmt" count="2"/>
        <line num="490" type="stmt" count="2"/>
        <line num="491" type="stmt" count="2"/>
        <line num="492" type="stmt" count="2"/>
        <line num="498" type="stmt" count="2"/>
        <line num="500" type="stmt" count="2"/>
        <line num="501" type="stmt" count="2"/>
        <line num="503" type="stmt" count="2"/>
        <line num="504" type="stmt" count="2"/>
        <line num="505" type="stmt" count="2"/>
        <line num="508" type="stmt" count="2"/>
        <line num="509" type="stmt" count="2"/>
        <line num="517" type="stmt" count="2"/>
        <line num="518" type="stmt" count="2"/>
        <line num="519" type="stmt" count="2"/>
        <line num="526" type="method" name="buildMultiResponse" visibility="private" complexity="4" crap="4.01" count="2"/>
        <line num="528" type="stmt" count="2"/>
        <line num="529" type="stmt" count="2"/>
        <line num="530" type="stmt" count="2"/>
        <line num="531" type="stmt" count="0"/>
        <line num="533" type="stmt" count="2"/>
        <line num="534" type="stmt" count="2"/>
        <line num="535" type="stmt" count="2"/>
        <line num="536" type="stmt" count="2"/>
        <line num="538" type="stmt" count="2"/>
        <line num="539" type="stmt" count="2"/>
        <line num="540" type="stmt" count="1"/>
        <line num="543" type="stmt" count="2"/>
        <line num="545" type="stmt" count="2"/>
        <metrics loc="547" ncloc="335" classes="1" methods="22" coveredmethods="15" conditionals="0" coveredconditionals="0" statements="198" coveredstatements="183" elements="220" coveredelements="198"/>
      </file>
    </package>
    <metrics files="5" loc="1115" ncloc="663" classes="5" methods="61" coveredmethods="44" conditionals="0" coveredconditionals="0" statements="298" coveredstatements="261" elements="359" coveredelements="305"/>
  </project>
</coverage>
