<?xml version="1.0" encoding="UTF-8"?>
<coverage generated="1487744632">
  <project timestamp="1487744632">
    <package name="Soliton">
      <file name="/home/plekhanov/Projects/vvp/soliton/src/Soliton/Helper.php">
        <class name="Helper" namespace="Soliton" fullPackage="Soliton" package="Soliton">
          <metrics complexity="0" methods="0" coveredmethods="0" conditionals="0" coveredconditionals="0" statements="0" coveredstatements="0" elements="0" coveredelements="0"/>
        </class>
        <metrics loc="32" ncloc="20" classes="1" methods="0" coveredmethods="0" conditionals="0" coveredconditionals="0" statements="0" coveredstatements="0" elements="0" coveredelements="0"/>
      </file>
      <file name="/home/plekhanov/Projects/vvp/soliton/src/Soliton/Query.php">
        <class name="Query" namespace="Soliton" fullPackage="Soliton" package="Soliton">
          <metrics complexity="35" methods="23" coveredmethods="20" conditionals="0" coveredconditionals="0" statements="58" coveredstatements="53" elements="81" coveredelements="73"/>
        </class>
        <line num="80" type="method" name="__construct" visibility="public" complexity="7" crap="7" count="5"/>
        <line num="82" type="stmt" count="5"/>
        <line num="83" type="stmt" count="5"/>
        <line num="84" type="stmt" count="5"/>
        <line num="87" type="stmt" count="5"/>
        <line num="88" type="stmt" count="5"/>
        <line num="90" type="stmt" count="5"/>
        <line num="91" type="stmt" count="2"/>
        <line num="92" type="stmt" count="4"/>
        <line num="93" type="stmt" count="4"/>
        <line num="96" type="stmt" count="5"/>
        <line num="97" type="stmt" count="2"/>
        <line num="98" type="stmt" count="4"/>
        <line num="99" type="stmt" count="4"/>
        <line num="101" type="stmt" count="5"/>
        <line num="106" type="method" name="isLoadingHeaders" visibility="public" complexity="1" crap="2" count="0"/>
        <line num="108" type="stmt" count="0"/>
        <line num="114" type="method" name="setLoadingHeaders" visibility="public" complexity="1" crap="2" count="0"/>
        <line num="116" type="stmt" count="0"/>
        <line num="117" type="stmt" count="0"/>
        <line num="122" type="method" name="isDetailConnection" visibility="public" complexity="1" crap="1" count="4"/>
        <line num="124" type="stmt" count="4"/>
        <line num="130" type="method" name="setDetailConnection" visibility="public" complexity="1" crap="1" count="1"/>
        <line num="132" type="stmt" count="1"/>
        <line num="133" type="stmt" count="1"/>
        <line num="138" type="method" name="getMethodType" visibility="public" complexity="1" crap="1" count="4"/>
        <line num="140" type="stmt" count="4"/>
        <line num="147" type="method" name="getDependency" visibility="public" complexity="1" crap="1" count="5"/>
        <line num="149" type="stmt" count="5"/>
        <line num="155" type="method" name="isExecutable" visibility="public" complexity="1" crap="1" count="4"/>
        <line num="157" type="stmt" count="4"/>
        <line num="163" type="method" name="setExecutable" visibility="public" complexity="1" crap="1" count="1"/>
        <line num="165" type="stmt" count="1"/>
        <line num="166" type="stmt" count="1"/>
        <line num="171" type="method" name="getBeforeFunc" visibility="public" complexity="1" crap="1" count="1"/>
        <line num="173" type="stmt" count="1"/>
        <line num="180" type="method" name="runBeforeFunc" visibility="public" complexity="3" crap="3" count="3"/>
        <line num="182" type="stmt" count="3"/>
        <line num="184" type="stmt" count="1"/>
        <line num="185" type="stmt" count="1"/>
        <line num="188" type="stmt" count="3"/>
        <line num="193" type="method" name="getAfterFunc" visibility="public" complexity="1" crap="1" count="1"/>
        <line num="195" type="stmt" count="1"/>
        <line num="201" type="method" name="runAfterFunc" visibility="public" complexity="3" crap="3" count="3"/>
        <line num="203" type="stmt" count="3"/>
        <line num="205" type="stmt" count="1"/>
        <line num="206" type="stmt" count="1"/>
        <line num="209" type="stmt" count="3"/>
        <line num="214" type="method" name="getFullUrl" visibility="public" complexity="3" crap="3" count="4"/>
        <line num="218" type="stmt" count="4"/>
        <line num="219" type="stmt" count="2"/>
        <line num="221" type="stmt" count="4"/>
        <line num="222" type="stmt" count="4"/>
        <line num="224" type="stmt" count="4"/>
        <line num="225" type="stmt" count="4"/>
        <line num="227" type="stmt" count="1"/>
        <line num="228" type="stmt" count="1"/>
        <line num="231" type="stmt" count="4"/>
        <line num="237" type="method" name="getUrl" visibility="public" complexity="1" crap="1" count="1"/>
        <line num="239" type="stmt" count="1"/>
        <line num="245" type="method" name="setUrl" visibility="public" complexity="1" crap="1" count="1"/>
        <line num="247" type="stmt" count="1"/>
        <line num="248" type="stmt" count="1"/>
        <line num="253" type="method" name="getMethodParams" visibility="public" complexity="1" crap="1" count="1"/>
        <line num="255" type="stmt" count="1"/>
        <line num="261" type="method" name="setMethodParams" visibility="public" complexity="1" crap="1" count="1"/>
        <line num="263" type="stmt" count="1"/>
        <line num="264" type="stmt" count="1"/>
        <line num="269" type="method" name="addMethodParams" visibility="public" complexity="1" crap="1" count="1"/>
        <line num="271" type="stmt" count="1"/>
        <line num="272" type="stmt" count="1"/>
        <line num="277" type="method" name="getOptions" visibility="public" complexity="1" crap="1" count="4"/>
        <line num="279" type="stmt" count="4"/>
        <line num="285" type="method" name="setOptions" visibility="public" complexity="1" crap="1" count="1"/>
        <line num="287" type="stmt" count="1"/>
        <line num="288" type="stmt" count="1"/>
        <line num="293" type="method" name="getFiles" visibility="public" complexity="1" crap="1" count="3"/>
        <line num="295" type="stmt" count="3"/>
        <line num="301" type="method" name="setFiles" visibility="public" complexity="1" crap="2" count="0"/>
        <line num="303" type="stmt" count="0"/>
        <line num="304" type="stmt" count="0"/>
        <metrics loc="305" ncloc="176" classes="1" methods="23" coveredmethods="20" conditionals="0" coveredconditionals="0" statements="58" coveredstatements="53" elements="81" coveredelements="73"/>
      </file>
      <file name="/home/plekhanov/Projects/vvp/soliton/src/Soliton/Response.php">
        <class name="Response" namespace="Soliton" fullPackage="Soliton" package="Soliton">
          <metrics complexity="15" methods="12" coveredmethods="9" conditionals="0" coveredconditionals="0" statements="22" coveredstatements="18" elements="34" coveredelements="27"/>
        </class>
        <line num="44" type="method" name="getHeader" visibility="public" complexity="1" crap="2" count="0"/>
        <line num="46" type="stmt" count="0"/>
        <line num="52" type="method" name="setHeader" visibility="public" complexity="1" crap="2" count="0"/>
        <line num="54" type="stmt" count="0"/>
        <line num="55" type="stmt" count="0"/>
        <line num="60" type="method" name="getHttpCode" visibility="public" complexity="1" crap="2" count="0"/>
        <line num="62" type="stmt" count="0"/>
        <line num="68" type="method" name="setHttpCode" visibility="public" complexity="1" crap="1" count="3"/>
        <line num="70" type="stmt" count="3"/>
        <line num="71" type="stmt" count="3"/>
        <line num="76" type="method" name="getDetailConnection" visibility="public" complexity="1" crap="1" count="1"/>
        <line num="78" type="stmt" count="1"/>
        <line num="84" type="method" name="setDetailConnection" visibility="public" complexity="1" crap="1" count="3"/>
        <line num="86" type="stmt" count="3"/>
        <line num="87" type="stmt" count="3"/>
        <line num="92" type="method" name="isCorrect" visibility="public" complexity="4" crap="4" count="3"/>
        <line num="94" type="stmt" count="3"/>
        <line num="95" type="stmt" count="3"/>
        <line num="101" type="method" name="getData" visibility="public" complexity="1" crap="1" count="2"/>
        <line num="103" type="stmt" count="2"/>
        <line num="109" type="method" name="setData" visibility="public" complexity="1" crap="1" count="1"/>
        <line num="111" type="stmt" count="1"/>
        <line num="112" type="stmt" count="1"/>
        <line num="117" type="method" name="getErrorMessage" visibility="public" complexity="1" crap="1" count="1"/>
        <line num="119" type="stmt" count="1"/>
        <line num="125" type="method" name="setErrorMessage" visibility="public" complexity="1" crap="1" count="1"/>
        <line num="127" type="stmt" count="1"/>
        <line num="128" type="stmt" count="1"/>
        <line num="134" type="method" name="setHeaderAndData" visibility="public" complexity="1" crap="1" count="3"/>
        <line num="136" type="stmt" count="3"/>
        <line num="137" type="stmt" count="3"/>
        <line num="139" type="stmt" count="3"/>
        <line num="140" type="stmt" count="3"/>
        <line num="141" type="stmt" count="3"/>
        <metrics loc="142" ncloc="81" classes="1" methods="12" coveredmethods="9" conditionals="0" coveredconditionals="0" statements="22" coveredstatements="18" elements="34" coveredelements="27"/>
      </file>
      <file name="/home/plekhanov/Projects/vvp/soliton/src/Soliton/Soliton.php">
        <class name="Soliton" namespace="Soliton" fullPackage="Soliton" package="Soliton">
          <metrics complexity="49" methods="14" coveredmethods="11" conditionals="0" coveredconditionals="0" statements="100" coveredstatements="96" elements="114" coveredelements="107"/>
        </class>
        <line num="62" type="method" name="__construct" visibility="public" complexity="3" crap="3" count="4"/>
        <line num="64" type="stmt" count="4"/>
        <line num="65" type="stmt" count="4"/>
        <line num="67" type="stmt" count="4"/>
        <line num="68" type="stmt" count="4"/>
        <line num="70" type="stmt" count="4"/>
        <line num="78" type="method" name="timeout" visibility="public" complexity="5" crap="5.20" count="2"/>
        <line num="80" type="stmt" count="2"/>
        <line num="81" type="stmt" count="2"/>
        <line num="83" type="stmt" count="2"/>
        <line num="84" type="stmt" count="0"/>
        <line num="86" type="stmt" count="2"/>
        <line num="93" type="method" name="onlyCorrect" visibility="public" complexity="1" crap="1" count="3"/>
        <line num="95" type="stmt" count="3"/>
        <line num="96" type="stmt" count="3"/>
        <line num="104" type="method" name="get" visibility="public" complexity="2" crap="2" count="4"/>
        <line num="106" type="stmt" count="4"/>
        <line num="108" type="stmt" count="4"/>
        <line num="109" type="stmt" count="4"/>
        <line num="111" type="stmt" count="4"/>
        <line num="113" type="stmt" count="4"/>
        <line num="114" type="stmt" count="3"/>
        <line num="116" type="stmt" count="3"/>
        <line num="123" type="method" name="run" visibility="private" complexity="3" crap="3" count="3"/>
        <line num="125" type="stmt" count="3"/>
        <line num="126" type="stmt" count="3"/>
        <line num="128" type="stmt" count="3"/>
        <line num="129" type="stmt" count="3"/>
        <line num="130" type="stmt" count="3"/>
        <line num="132" type="stmt" count="3"/>
        <line num="133" type="stmt" count="3"/>
        <line num="134" type="stmt" count="3"/>
        <line num="136" type="stmt" count="3"/>
        <line num="138" type="stmt" count="3"/>
        <line num="146" type="method" name="separator" visibility="private" complexity="9" crap="9" count="4"/>
        <line num="148" type="stmt" count="4"/>
        <line num="149" type="stmt" count="4"/>
        <line num="151" type="stmt" count="4"/>
        <line num="152" type="stmt" count="4"/>
        <line num="154" type="stmt" count="4"/>
        <line num="155" type="stmt" count="4"/>
        <line num="156" type="stmt" count="4"/>
        <line num="158" type="stmt" count="4"/>
        <line num="160" type="stmt" count="4"/>
        <line num="161" type="stmt" count="4"/>
        <line num="162" type="stmt" count="3"/>
        <line num="165" type="stmt" count="3"/>
        <line num="166" type="stmt" count="3"/>
        <line num="168" type="stmt" count="3"/>
        <line num="169" type="stmt" count="4"/>
        <line num="172" type="stmt" count="4"/>
        <line num="173" type="stmt" count="3"/>
        <line num="177" type="stmt" count="4"/>
        <line num="178" type="stmt" count="1"/>
        <line num="179" type="stmt" count="1"/>
        <line num="181" type="stmt" count="3"/>
        <line num="189" type="method" name="getChainDependencies" visibility="private" complexity="5" crap="5" count="4"/>
        <line num="193" type="stmt" count="4"/>
        <line num="194" type="method" name="anonymous function" complexity="3" crap="3" count="4"/>
        <line num="195" type="stmt" count="4"/>
        <line num="196" type="stmt" count="4"/>
        <line num="198" type="stmt" count="4"/>
        <line num="200" type="stmt" count="4"/>
        <line num="201" type="stmt" count="4"/>
        <line num="204" type="stmt" count="4"/>
        <line num="205" type="stmt" count="4"/>
        <line num="207" type="stmt" count="4"/>
        <line num="208" type="stmt" count="4"/>
        <line num="209" type="stmt" count="4"/>
        <line num="210" type="stmt" count="4"/>
        <line num="212" type="stmt" count="4"/>
        <line num="223" type="method" name="getExecutableRequests" visibility="private" complexity="3" crap="3" count="3"/>
        <line num="225" type="stmt" count="3"/>
        <line num="226" type="stmt" count="3"/>
        <line num="228" type="stmt" count="3"/>
        <line num="229" type="stmt" count="3"/>
        <line num="230" type="stmt" count="3"/>
        <line num="233" type="stmt" count="3"/>
        <line num="240" type="method" name="executeGroup" visibility="private" complexity="5" crap="5.01" count="3"/>
        <line num="242" type="stmt" count="3"/>
        <line num="244" type="stmt" count="3"/>
        <line num="246" type="stmt" count="3"/>
        <line num="247" type="stmt" count="3"/>
        <line num="249" type="stmt" count="3"/>
        <line num="250" type="stmt" count="3"/>
        <line num="251" type="stmt" count="3"/>
        <line num="253" type="stmt" count="3"/>
        <line num="255" type="stmt" count="0"/>
        <line num="256" type="stmt" count="3"/>
        <line num="257" type="stmt" count="2"/>
        <line num="258" type="stmt" count="2"/>
        <line num="259" type="stmt" count="2"/>
        <line num="262" type="stmt" count="3"/>
        <line num="264" type="stmt" count="3"/>
        <line num="269" type="method" name="executeQueriesBefore" visibility="private" complexity="3" crap="3.07" count="3"/>
        <line num="271" type="stmt" count="3"/>
        <line num="273" type="stmt" count="3"/>
        <line num="275" type="stmt" count="3"/>
        <line num="278" type="stmt" count="3"/>
        <line num="280" type="stmt" count="3"/>
        <line num="281" type="stmt" count="3"/>
        <line num="284" type="stmt" count="0"/>
        <line num="285" type="stmt" count="0"/>
        <line num="286" type="stmt" count="3"/>
        <line num="289" type="stmt" count="3"/>
        <line num="294" type="method" name="executeQueriesAfter" visibility="private" complexity="2" crap="2" count="3"/>
        <line num="297" type="stmt" count="3"/>
        <line num="299" type="stmt" count="3"/>
        <line num="300" type="stmt" count="3"/>
        <line num="301" type="stmt" count="3"/>
        <line num="303" type="stmt" count="3"/>
        <line num="311" type="method" name="setResponses" visibility="public" complexity="4" crap="4" count="1"/>
        <line num="314" type="stmt" count="1"/>
        <line num="315" type="stmt" count="1"/>
        <line num="316" type="stmt" count="1"/>
        <line num="319" type="stmt" count="1"/>
        <line num="325" type="method" name="clearResponses" visibility="public" complexity="1" crap="1" count="1"/>
        <line num="327" type="stmt" count="1"/>
        <line num="328" type="stmt" count="1"/>
        <metrics loc="332" ncloc="197" classes="1" methods="14" coveredmethods="11" conditionals="0" coveredconditionals="0" statements="105" coveredstatements="101" elements="119" coveredelements="112"/>
      </file>
    </package>
    <package name="Soliton\Lib">
      <file name="/home/plekhanov/Projects/vvp/soliton/src/Soliton/Lib/Common.php">
        <class name="Common" namespace="Soliton\Lib" fullPackage="Soliton" package="Soliton">
          <metrics complexity="18" methods="5" coveredmethods="1" conditionals="0" coveredconditionals="0" statements="27" coveredstatements="14" elements="32" coveredelements="15"/>
        </class>
        <line num="23" type="method" name="presentNeededDependency" visibility="public" complexity="5" crap="5" count="4"/>
        <line num="25" type="stmt" count="4"/>
        <line num="26" type="stmt" count="4"/>
        <line num="27" type="stmt" count="3"/>
        <line num="28" type="stmt" count="2"/>
        <line num="29" type="stmt" count="2"/>
        <line num="30" type="stmt" count="2"/>
        <line num="35" type="stmt" count="4"/>
        <line num="42" type="method" name="prepareFiles" visibility="public" complexity="4" crap="8.74" count="3"/>
        <line num="44" type="stmt" count="3"/>
        <line num="45" type="stmt" count="0"/>
        <line num="46" type="stmt" count="0"/>
        <line num="47" type="stmt" count="0"/>
        <line num="49" type="stmt" count="0"/>
        <line num="53" type="stmt" count="3"/>
        <line num="60" type="method" name="convertToStringArray" visibility="public" complexity="4" crap="4.07" count="1"/>
        <line num="62" type="stmt" count="1"/>
        <line num="63" type="stmt" count="1"/>
        <line num="64" type="stmt" count="1"/>
        <line num="65" type="stmt" count="0"/>
        <line num="67" type="stmt" count="1"/>
        <line num="70" type="stmt" count="1"/>
        <line num="83" type="method" name="setRequestFiles" visibility="protected" complexity="3" crap="12" count="0"/>
        <line num="85" type="stmt" count="0"/>
        <line num="86" type="stmt" count="0"/>
        <line num="87" type="stmt" count="0"/>
        <line num="88" type="stmt" count="0"/>
        <line num="91" type="stmt" count="0"/>
        <line num="102" type="method" name="setRequestFile" visibility="protected" complexity="2" crap="6" count="0"/>
        <line num="104" type="stmt" count="0"/>
        <line num="105" type="stmt" count="0"/>
        <line num="107" type="stmt" count="0"/>
        <metrics loc="108" ncloc="64" classes="1" methods="5" coveredmethods="1" conditionals="0" coveredconditionals="0" statements="27" coveredstatements="14" elements="32" coveredelements="15"/>
      </file>
      <file name="/home/plekhanov/Projects/vvp/soliton/src/Soliton/Lib/Executor.php">
        <class name="Executor" namespace="Soliton\Lib" fullPackage="Soliton" package="Soliton">
          <metrics complexity="25" methods="5" coveredmethods="2" conditionals="0" coveredconditionals="0" statements="77" coveredstatements="71" elements="82" coveredelements="73"/>
        </class>
        <line num="31" type="method" name="curlOne" visibility="public" complexity="3" crap="3.00" count="2"/>
        <line num="34" type="stmt" count="2"/>
        <line num="35" type="stmt" count="2"/>
        <line num="36" type="stmt" count="2"/>
        <line num="37" type="stmt" count="2"/>
        <line num="38" type="stmt" count="2"/>
        <line num="39" type="stmt" count="2"/>
        <line num="40" type="stmt" count="2"/>
        <line num="41" type="stmt" count="0"/>
        <line num="43" type="stmt" count="2"/>
        <line num="44" type="stmt" count="2"/>
        <line num="45" type="stmt" count="2"/>
        <line num="47" type="stmt" count="2"/>
        <line num="48" type="stmt" count="2"/>
        <line num="56" type="method" name="curlMany" visibility="public" complexity="7" crap="7" count="2"/>
        <line num="58" type="stmt" count="2"/>
        <line num="61" type="stmt" count="2"/>
        <line num="62" type="stmt" count="2"/>
        <line num="63" type="stmt" count="2"/>
        <line num="64" type="stmt" count="2"/>
        <line num="70" type="stmt" count="2"/>
        <line num="72" type="stmt" count="2"/>
        <line num="73" type="stmt" count="2"/>
        <line num="75" type="stmt" count="2"/>
        <line num="76" type="stmt" count="2"/>
        <line num="77" type="stmt" count="2"/>
        <line num="80" type="stmt" count="2"/>
        <line num="81" type="stmt" count="2"/>
        <line num="89" type="stmt" count="2"/>
        <line num="90" type="stmt" count="2"/>
        <line num="91" type="stmt" count="2"/>
        <line num="100" type="method" name="buildMultiResponse" visibility="private" complexity="4" crap="4.01" count="2"/>
        <line num="102" type="stmt" count="2"/>
        <line num="103" type="stmt" count="2"/>
        <line num="104" type="stmt" count="2"/>
        <line num="105" type="stmt" count="0"/>
        <line num="107" type="stmt" count="2"/>
        <line num="108" type="stmt" count="2"/>
        <line num="109" type="stmt" count="2"/>
        <line num="110" type="stmt" count="2"/>
        <line num="112" type="stmt" count="2"/>
        <line num="113" type="stmt" count="2"/>
        <line num="114" type="stmt" count="1"/>
        <line num="117" type="stmt" count="2"/>
        <line num="119" type="stmt" count="2"/>
        <line num="126" type="method" name="initRequest" visibility="private" complexity="7" crap="7.13" count="3"/>
        <line num="129" type="stmt" count="3"/>
        <line num="132" type="stmt" count="3"/>
        <line num="133" type="stmt" count="3"/>
        <line num="134" type="stmt" count="3"/>
        <line num="135" type="stmt" count="3"/>
        <line num="136" type="stmt" count="3"/>
        <line num="137" type="stmt" count="3"/>
        <line num="138" type="stmt" count="3"/>
        <line num="141" type="stmt" count="3"/>
        <line num="142" type="stmt" count="3"/>
        <line num="143" type="stmt" count="1"/>
        <line num="144" type="stmt" count="1"/>
        <line num="145" type="stmt" count="3"/>
        <line num="146" type="stmt" count="0"/>
        <line num="147" type="stmt" count="0"/>
        <line num="148" type="stmt" count="3"/>
        <line num="149" type="stmt" count="0"/>
        <line num="150" type="stmt" count="0"/>
        <line num="151" type="stmt" count="3"/>
        <line num="153" type="stmt" count="3"/>
        <line num="156" type="stmt" count="3"/>
        <line num="157" type="stmt" count="3"/>
        <line num="158" type="stmt" count="3"/>
        <line num="160" type="stmt" count="3"/>
        <line num="161" type="stmt" count="1"/>
        <line num="163" type="stmt" count="3"/>
        <line num="164" type="stmt" count="3"/>
        <line num="166" type="stmt" count="3"/>
        <line num="167" type="stmt" count="3"/>
        <line num="174" type="method" name="preparePOSTFields" visibility="private" complexity="4" crap="4" count="3"/>
        <line num="176" type="stmt" count="3"/>
        <line num="178" type="stmt" count="1"/>
        <line num="179" type="stmt" count="1"/>
        <line num="180" type="stmt" count="1"/>
        <line num="181" type="stmt" count="1"/>
        <line num="184" type="stmt" count="3"/>
        <metrics loc="185" ncloc="111" classes="1" methods="5" coveredmethods="2" conditionals="0" coveredconditionals="0" statements="77" coveredstatements="71" elements="82" coveredelements="73"/>
      </file>
      <file name="/home/plekhanov/Projects/vvp/soliton/src/Soliton/Lib/Responses.php">
        <class name="Responses" namespace="Soliton\Lib">
          <metrics complexity="9" methods="3" coveredmethods="2" conditionals="0" coveredconditionals="0" statements="17" coveredstatements="11" elements="20" coveredelements="13"/>
        </class>
        <line num="17" type="method" name="__construct" visibility="public" complexity="1" crap="1" count="3"/>
        <line num="19" type="stmt" count="3"/>
        <line num="20" type="stmt" count="3"/>
        <line num="26" type="method" name="createErrorResponse" visibility="public" complexity="3" crap="12" count="0"/>
        <line num="28" type="stmt" count="0"/>
        <line num="29" type="stmt" count="0"/>
        <line num="30" type="stmt" count="0"/>
        <line num="33" type="stmt" count="0"/>
        <line num="34" type="stmt" count="0"/>
        <line num="35" type="stmt" count="0"/>
        <line num="41" type="method" name="getResponses" visibility="public" complexity="5" crap="5" count="3"/>
        <line num="43" type="stmt" count="3"/>
        <line num="44" type="stmt" count="3"/>
        <line num="46" type="stmt" count="3"/>
        <line num="48" type="stmt" count="3"/>
        <line num="50" type="stmt" count="3"/>
        <line num="51" type="stmt" count="1"/>
        <line num="52" type="stmt" count="2"/>
        <line num="53" type="stmt" count="3"/>
        <line num="57" type="stmt" count="3"/>
        <metrics loc="58" ncloc="42" classes="1" methods="3" coveredmethods="2" conditionals="0" coveredconditionals="0" statements="17" coveredstatements="11" elements="20" coveredelements="13"/>
      </file>
    </package>
    <metrics files="7" loc="1162" ncloc="691" classes="7" methods="62" coveredmethods="45" conditionals="0" coveredconditionals="0" statements="306" coveredstatements="268" elements="368" coveredelements="313"/>
  </project>
</coverage>
